<?xml version="1.0" encoding="UTF-8"?>
<!-- Generated by org.testng.reporters.JUnitReportReporter -->
<testsuite hostname="Neal" failures="0" tests="1" name="New.TestElearning" time="14.359" errors="0" timestamp="2024-04-15T15:34:31 ICT" skipped="0">
  <testcase classname="New.TestElearning" name="DemoProject" time="14.359"/>
</testsuite> <!-- New.TestElearning -->
